<?xml version="1.0" encoding="UTF-8"?>
<!-- Generated by org.testng.reporters.JUnitXMLReporter -->
<testsuite ignored="0" hostname="LAPTOP-5SR2QSM5" failures="1" tests="1" name="Test" time="10.34" errors="0" timestamp="2024-10-01T15:43:23 IST">
  <testcase classname="io.cucumber.testng.AbstractTestNGCucumberTests" name="runScenario" time="9.652">
    <failure type="java.lang.IllegalAccessError" message="class StepDefination.ExcellentableSearchSteps (in unnamed module @0x27efef64) cannot access class jdk.internal.org.jline.utils.Log (in module jdk.internal.le) because module jdk.internal.le does not export jdk.internal.org.jline.utils to unnamed module @0x27efef64">
      <![CDATA[java.lang.IllegalAccessError: class StepDefination.ExcellentableSearchSteps (in unnamed module @0x27efef64) cannot access class jdk.internal.org.jline.utils.Log (in module jdk.internal.le) because module jdk.internal.le does not export jdk.internal.org.jline.utils to unnamed module @0x27efef64
at StepDefination.ExcellentableSearchSteps.teardown(ExcellentableSearchSteps.java:35)
]]>
    </failure>
  </testcase> <!-- runScenario -->
</testsuite> <!-- Test -->
