<?xml version="1.0" encoding="UTF-8"?>
<testng-results ignored="0" total="4" passed="4" failed="0" skipped="0">
  <reporter-output>
  </reporter-output>
  <suite started-at="2024-10-01T16:12:41 IST" name="Default suite" finished-at="2024-10-01T16:13:16 IST" duration-ms="34800">
    <groups>
      <group name="cucumber">
        <method signature="AbstractTestNGCucumberTests.runScenario(io.cucumber.testng.PickleWrapper,io.cucumber.testng.FeatureWrapper)[pri:0, instance:Runners.MyRunner@68c9133c]" name="runScenario" class="io.cucumber.testng.AbstractTestNGCucumberTests"/>
      </group> <!-- cucumber -->
    </groups>
    <test started-at="2024-10-01T16:12:41 IST" name="Default test" finished-at="2024-10-01T16:13:16 IST" duration-ms="34800">
      <class name="Runners.MyRunner">
        <test-method is-config="true" signature="setUpClass(org.testng.ITestContext)[pri:0, instance:Runners.MyRunner@68c9133c]" started-at="2024-10-01T16:12:41 IST" name="setUpClass" finished-at="2024-10-01T16:12:41 IST" duration-ms="504" status="PASS">
          <params>
            <param index="0">
              <value>
                <![CDATA[org.testng.TestRunner@619f2afc]]>
              </value>
            </param>
          </params>
          <reporter-output>
          </reporter-output>
        </test-method> <!-- setUpClass -->
        <test-method signature="runScenario(io.cucumber.testng.PickleWrapper,io.cucumber.testng.FeatureWrapper)[pri:0, instance:Runners.MyRunner@68c9133c]" started-at="2024-10-01T16:12:41 IST" name="runScenario" description="Runs Cucumber Scenarios" data-provider="scenarios" finished-at="2024-10-01T16:12:52 IST" duration-ms="10612" status="PASS">
          <params>
            <param index="0">
              <value>
                <![CDATA["Verify the search module with positive input"]]>
              </value>
            </param>
            <param index="1">
              <value>
                <![CDATA["This file contains search module scenarios for Excellentable"]]>
              </value>
            </param>
          </params>
          <reporter-output>
          </reporter-output>
        </test-method> <!-- runScenario -->
        <test-method signature="runScenario(io.cucumber.testng.PickleWrapper,io.cucumber.testng.FeatureWrapper)[pri:0, instance:Runners.MyRunner@68c9133c]" started-at="2024-10-01T16:12:52 IST" name="runScenario" description="Runs Cucumber Scenarios" data-provider="scenarios" finished-at="2024-10-01T16:13:00 IST" duration-ms="7673" status="PASS">
          <params>
            <param index="0">
              <value>
                <![CDATA["Verify the search module with negative input"]]>
              </value>
            </param>
            <param index="1">
              <value>
                <![CDATA["This file contains search module scenarios for Excellentable"]]>
              </value>
            </param>
          </params>
          <reporter-output>
          </reporter-output>
        </test-method> <!-- runScenario -->
        <test-method signature="runScenario(io.cucumber.testng.PickleWrapper,io.cucumber.testng.FeatureWrapper)[pri:0, instance:Runners.MyRunner@68c9133c]" started-at="2024-10-01T16:13:00 IST" name="runScenario" description="Runs Cucumber Scenarios" data-provider="scenarios" finished-at="2024-10-01T16:13:08 IST" duration-ms="8285" status="PASS">
          <params>
            <param index="0">
              <value>
                <![CDATA["Verify the search module with negative input"]]>
              </value>
            </param>
            <param index="1">
              <value>
                <![CDATA["This file contains search module scenarios for Excellentable"]]>
              </value>
            </param>
          </params>
          <reporter-output>
          </reporter-output>
        </test-method> <!-- runScenario -->
        <test-method signature="runScenario(io.cucumber.testng.PickleWrapper,io.cucumber.testng.FeatureWrapper)[pri:0, instance:Runners.MyRunner@68c9133c]" started-at="2024-10-01T16:13:08 IST" name="runScenario" description="Runs Cucumber Scenarios" data-provider="scenarios" finished-at="2024-10-01T16:13:15 IST" duration-ms="7662" status="PASS">
          <params>
            <param index="0">
              <value>
                <![CDATA["Verify the search module with negative input"]]>
              </value>
            </param>
            <param index="1">
              <value>
                <![CDATA["This file contains search module scenarios for Excellentable"]]>
              </value>
            </param>
          </params>
          <reporter-output>
          </reporter-output>
        </test-method> <!-- runScenario -->
        <test-method is-config="true" signature="tearDownClass()[pri:0, instance:Runners.MyRunner@68c9133c]" started-at="2024-10-01T16:13:15 IST" name="tearDownClass" finished-at="2024-10-01T16:13:16 IST" duration-ms="16" status="PASS">
          <reporter-output>
          </reporter-output>
        </test-method> <!-- tearDownClass -->
      </class> <!-- Runners.MyRunner -->
    </test> <!-- Default test -->
  </suite> <!-- Default suite -->
</testng-results>
